This is pdfTeX, Version 3.141592653-2.6-1.40.25 (MiKTeX 23.4) (preloaded format=pdflatex 2023.8.29)  8 NOV 2023 10:21
entering extended mode
 restricted \write18 enabled.
 file:line:error style messages enabled.
 %&-line parsing enabled.
**"c:/Users/Farhan/OneDrive/Documents/Github Repositories/Competitive Programming/resume.tex"
(c:/Users/Farhan/OneDrive/Documents/Github Repositories/Competitive Programming/resume.tex
LaTeX2e <2022-11-01> patch level 1
L3 programming layer <2023-03-30>

! LaTeX Error: File `deedy-resume-openfont.cls' not found.

Type X to quit or <RETURN> to proceed,
or enter new name. (Default extension: cls)

Enter file name: 
c:/Users/Farhan/OneDrive/Documents/Github Repositories/Competitive Programming/resume.tex:50: Emergency stop.
<read *> 
         
l.50 ^^M
        
*** (cannot \read from terminal in nonstop modes)

 
Here is how much of TeX's memory you used:
 26 strings out of 476331
 812 string characters out of 5787293
 1849660 words of memory out of 5000000
 20562 multiletter control sequences out of 15000+600000
 512287 words of font info for 32 fonts, out of 8000000 for 9000
 1141 hyphenation exceptions out of 8191
 19i,0n,29p,174b,17s stack positions out of 10000i,1000n,20000p,200000b,200000s
c:/Users/Farhan/OneDrive/Documents/Github Repositories/Competitive Programming/resume.tex:50:  ==> Fatal error occurred, no output PDF file produced!
